# JRE version: OpenJDK Runtime Environment Temurin-21.0.6+7 (21.0.6+7) (build 21.0.6+7-LTS)
# Java VM: OpenJDK 64-Bit Server VM Temurin-21.0.6+7 (21.0.6+7-LTS, mixed mode, sharing, tiered, compressed oops, compressed class ptrs, g1 gc, windows-amd64)
GC Precious Log:
 CardTable entry size: 512
 Card Set container configuration: InlinePtr #cards 5 size 8 Array Of Cards #cards 12 size 40 Howl #buckets 4 coarsen threshold 1843 Howl Bitmap #cards 512 size 80 coarsen threshold 460 Card regions per heap region 1 cards per card region 2048
 CPUs: 4 total, 4 available
 Memory: 7973M
 Large Page Support: Disabled
 NUMA Support: Disabled
 Compressed Oops: Enabled (32-bit)
 Heap Region Size: 1M
 Heap Min Capacity: 8M
 Heap Initial Capacity: 126M
 Heap Max Capacity: 1994M
 Pre-touch: Disabled
 Parallel Workers: 4
 Concurrent Workers: 1
 Concurrent Refinement Workers: 4
 Periodic GC: Disabled
Heap:
 garbage-first heap   total 75776K, used 42660K [0x0000000083600000, 0x0000000100000000)
  region size 1024K, 2 young (2048K), 1 survivors (1024K)
 Metaspace       used 83169K, committed 83968K, reserved 1179648K
  class space    used 10868K, committed 11264K, reserved 1048576K
GC Heap History (20 events):
Event: 194.658 GC heap before
{Heap before GC invocations=26 (full 0):
 garbage-first heap   total 71680K, used 62009K [0x0000000083600000, 0x0000000100000000)
  region size 1024K, 22 young (22528K), 3 survivors (3072K)
 Metaspace       used 82340K, committed 83072K, reserved 1179648K
  class space    used 10850K, committed 11200K, reserved 1048576K
}
Event: 194.668 GC heap after
{Heap after GC invocations=27 (full 0):
 garbage-first heap   total 71680K, used 43707K [0x0000000083600000, 0x0000000100000000)
  region size 1024K, 2 young (2048K), 2 survivors (2048K)
 Metaspace       used 82340K, committed 83072K, reserved 1179648K
  class space    used 10850K, committed 11200K, reserved 1048576K
}
Event: 358.306 GC heap before
{Heap before GC invocations=28 (full 0):
 garbage-first heap   total 75776K, used 63163K [0x0000000083600000, 0x0000000100000000)
  region size 1024K, 21 young (21504K), 2 survivors (2048K)
 Metaspace       used 82594K, committed 83328K, reserved 1179648K
  class space    used 10850K, committed 11200K, reserved 1048576K
}
Event: 358.312 GC heap after
{Heap after GC invocations=29 (full 0):
 garbage-first heap   total 75776K, used 43746K [0x0000000083600000, 0x0000000100000000)
  region size 1024K, 2 young (2048K), 2 survivors (2048K)
 Metaspace       used 82594K, committed 83328K, reserved 1179648K
  class space    used 10850K, committed 11200K, reserved 1048576K
}
Event: 536.029 GC heap before
{Heap before GC invocations=29 (full 0):
 garbage-first heap   total 75776K, used 67298K [0x0000000083600000, 0x0000000100000000)
  region size 1024K, 25 young (25600K), 2 survivors (2048K)
 Metaspace       used 82941K, committed 83776K, reserved 1179648K
  class space    used 10864K, committed 11264K, reserved 1048576K
}
Event: 536.039 GC heap after
{Heap after GC invocations=30 (full 0):
 garbage-first heap   total 75776K, used 42908K [0x0000000083600000, 0x0000000100000000)
  region size 1024K, 2 young (2048K), 2 survivors (2048K)
 Metaspace       used 82941K, committed 83776K, reserved 1179648K
  class space    used 10864K, committed 11264K, reserved 1048576K
}
Event: 844.710 GC heap before
{Heap before GC invocations=30 (full 0):
 garbage-first heap   total 75776K, used 67484K [0x0000000083600000, 0x0000000100000000)
  region size 1024K, 26 young (26624K), 2 survivors (2048K)
 Metaspace       used 82950K, committed 83776K, reserved 1179648K
  class space    used 10864K, committed 11264K, reserved 1048576K
}
Event: 844.717 GC heap after
{Heap after GC invocations=31 (full 0):
 garbage-first heap   total 75776K, used 42906K [0x0000000083600000, 0x0000000100000000)
  region size 1024K, 2 young (2048K), 2 survivors (2048K)
 Metaspace       used 82950K, committed 83776K, reserved 1179648K
  class space    used 10864K, committed 11264K, reserved 1048576K
}
Event: 1275.871 GC heap before
{Heap before GC invocations=32 (full 0):
 garbage-first heap   total 75776K, used 67482K [0x0000000083600000, 0x0000000100000000)
  region size 1024K, 26 young (26624K), 2 survivors (2048K)
 Metaspace       used 82964K, committed 83840K, reserved 1179648K
  class space    used 10864K, committed 11264K, reserved 1048576K
}
Event: 1275.877 GC heap after
{Heap after GC invocations=33 (full 0):
 garbage-first heap   total 75776K, used 42934K [0x0000000083600000, 0x0000000100000000)
  region size 1024K, 2 young (2048K), 2 survivors (2048K)
 Metaspace       used 82964K, committed 83840K, reserved 1179648K
  class space    used 10864K, committed 11264K, reserved 1048576K
}
Event: 1584.915 GC heap before
{Heap before GC invocations=33 (full 0):
 garbage-first heap   total 75776K, used 67510K [0x0000000083600000, 0x0000000100000000)
  region size 1024K, 26 young (26624K), 2 survivors (2048K)
 Metaspace       used 82966K, committed 83840K, reserved 1179648K
  class space    used 10864K, committed 11264K, reserved 1048576K
}
Event: 1584.921 GC heap after
{Heap after GC invocations=34 (full 0):
 garbage-first heap   total 75776K, used 42417K [0x0000000083600000, 0x0000000100000000)
  region size 1024K, 2 young (2048K), 2 survivors (2048K)
 Metaspace       used 82966K, committed 83840K, reserved 1179648K
  class space    used 10864K, committed 11264K, reserved 1048576K
}
Event: 1856.193 GC heap before
{Heap before GC invocations=34 (full 0):
 garbage-first heap   total 75776K, used 68017K [0x0000000083600000, 0x0000000100000000)
  region size 1024K, 27 young (27648K), 2 survivors (2048K)
 Metaspace       used 83051K, committed 83904K, reserved 1179648K
  class space    used 10868K, committed 11264K, reserved 1048576K
}
Event: 1856.199 GC heap after
{Heap after GC invocations=35 (full 0):
 garbage-first heap   total 75776K, used 43110K [0x0000000083600000, 0x0000000100000000)
  region size 1024K, 3 young (3072K), 3 survivors (3072K)
 Metaspace       used 83051K, committed 83904K, reserved 1179648K
  class space    used 10868K, committed 11264K, reserved 1048576K
}
Event: 2152.992 GC heap before
{Heap before GC invocations=36 (full 0):
 garbage-first heap   total 75776K, used 66662K [0x0000000083600000, 0x0000000100000000)
  region size 1024K, 26 young (26624K), 3 survivors (3072K)
 Metaspace       used 83051K, committed 83904K, reserved 1179648K
  class space    used 10868K, committed 11264K, reserved 1048576K
}
Event: 2152.996 GC heap after
{Heap after GC invocations=37 (full 0):
 garbage-first heap   total 75776K, used 43061K [0x0000000083600000, 0x0000000100000000)
  region size 1024K, 1 young (1024K), 1 survivors (1024K)
 Metaspace       used 83051K, committed 83904K, reserved 1179648K
  class space    used 10868K, committed 11264K, reserved 1048576K
}
Event: 5748.326 GC heap before
{Heap before GC invocations=37 (full 0):
 garbage-first heap   total 75776K, used 68661K [0x0000000083600000, 0x0000000100000000)
  region size 1024K, 26 young (26624K), 1 survivors (1024K)
 Metaspace       used 83144K, committed 83968K, reserved 1179648K
  class space    used 10868K, committed 11264K, reserved 1048576K
}
Event: 5748.330 GC heap after
{Heap after GC invocations=38 (full 0):
 garbage-first heap   total 75776K, used 43024K [0x0000000083600000, 0x0000000100000000)
  region size 1024K, 2 young (2048K), 2 survivors (2048K)
 Metaspace       used 83144K, committed 83968K, reserved 1179648K
  class space    used 10868K, committed 11264K, reserved 1048576K
}
Event: 6056.099 GC heap before
{Heap before GC invocations=38 (full 0):
 garbage-first heap   total 75776K, used 67600K [0x0000000083600000, 0x0000000100000000)
  region size 1024K, 26 young (26624K), 2 survivors (2048K)
 Metaspace       used 83169K, committed 83968K, reserved 1179648K
  class space    used 10868K, committed 11264K, reserved 1048576K
}
Event: 6056.102 GC heap after
{Heap after GC invocations=39 (full 0):
 garbage-first heap   total 75776K, used 42660K [0x0000000083600000, 0x0000000100000000)
  region size 1024K, 1 young (1024K), 1 survivors (1024K)
 Metaspace       used 83169K, committed 83968K, reserved 1179648K
  class space    used 10868K, committed 11264K, reserved 1048576K
}

